Arguments: 
  C:\Program Files\nodejs\node.exe E:\nodejs\node_modules\yarn\bin\yarn.js add @type/jest

PATH: 
  E:\oracal\product\11.2.0\dbhome_1\bin;F:\vmware\bin\;C:\Program Files (x86)\Razer Chroma SDK\bin;C:\Program Files\Razer Chroma SDK\bin;C:\Program Files (x86)\Razer\ChromaBroadcast\bin;C:\Program Files\Razer\ChromaBroadcast\bin;E:\Xftp6\;D:\Xshell\;E:\eclipse\jdk1.8.0_202\bin;E:\eclipse\jdk1.8.0_202\jre\bin;C:\Program Files (x86)\Common Files\Oracle\Java\javapath;C:\windows\system32;C:\windows;C:\windows\System32\Wbem;E:\Redis;C:\windows\System32\WindowsPowerShell\v1.0\;C:\windows\System32\OpenSSH\;C:\Program Files (x86)\NVIDIA Corporation\PhysX\Common;C:\Program Files\Intel\WiFi\bin\;C:\Program Files\Common Files\Intel\WirelessCommon\;C:\Program Files (x86)\Microsoft SQL Server\100\Tools\Binn\;C:\Program Files\Microsoft SQL Server\100\Tools\Binn\;C:\Program Files\Microsoft SQL Server\100\DTS\Binn\;C:\Program Files (x86)\Microsoft SQL Server\100\Tools\Binn\VSShell\Common7\IDE\;C:\Program Files (x86)\Microsoft Visual Studio 9.0\Common7\IDE\PrivateAssemblies\;C:\Program Files (x86)\Microsoft SQL Server\100\DTS\Binn\;E:\eclipse\apache-maven-3.6.0\bin\;E:\MongoDB\Server\4.0\bin;E:\eclipse\Tomcat 6.0\bin;C:\Program Files\MongoDB\Server\4.0\bin;E:\chromedriver;C:\Users\nice\AppData\Local\Android\Sdk\platform-tools;C:\Users\nice\AppData\Local\Android\Sdk\tools;C:\Users\nice\AppData\Local\Programs\Python\Python38;C:\windows\system32\config\systemprofile\AppData\Local\Microsoft\WindowsApps;E:\nodejs\bin;E:\nodejs\node_global;E:\nodejs\node_modules;C:\Program Files\MySQL\MySQL Utilities 1.6\;C:\WINDOWS\system32;C:\WINDOWS;C:\WINDOWS\System32\Wbem;C:\WINDOWS\System32\WindowsPowerShell\v1.0\;C:\WINDOWS\System32\OpenSSH\;C:\Program Files\dotnet\;E:\Git\cmd;E:\OpenSSL-Win64\bin;E:\sqlite;E:\nvm;C:\Program Files\nodejs;E:\apache-jmeter-5.1.1\lib\ext\ApacheJMeter_core.jar;E:\apache-jmeter-5.1.1\lib\jorphan.jar;E:\apache-jmeter-5.1.1\lib\logkit-2.0.jar;E:\nodejs;C:\Users\nice\AppData\Local\Android\Sdk\platform-tools;C:\Users\nice\AppData\Local\Android\Sdk\emulator;C:\Users\nice\AppData\Local\Android\Sdk\tools;C:\Users\nice\AppData\Local\Android\Sdk\tools\bin;E:\Tcl\bin;C:\Users\nice\AppData\Local\Programs\Python\Python38\Scripts\;C:\Users\nice\AppData\Local\Programs\Python\Python38\;E:\Ruby27-x64\bin;C:\Users\nice\AppData\Local\Microsoft\WindowsApps;E:\IntelliJ IDEA\bin;E:\Fiddler;E:\PyCharm 2019.2.2\bin;E:\WebStorm\WebStorm 2019.2.3\bin;E:\Microsoft VS Code\bin;E:\IntelliJ IDEA 2019.3.2\bin;E:\WebStorm 2019.3.2\bin;C:\Users\nice\AppData\Local\Microsoft\WindowsApps;C:\Users\nice\AppData\Roaming\npm;E:\PyCharm 2020.2.2\bin

Yarn version: 
  1.22.10

Node version: 
  16.3.0

Platform: 
  win32 x64

Trace: 
  Error: https://registry.npmjs.org/@type%2fjest: Not found
      at Request.params.callback [as _callback] (E:\nodejs\node_modules\yarn\lib\cli.js:66988:18)
      at Request.self.callback (E:\nodejs\node_modules\yarn\lib\cli.js:140662:22)
      at Request.emit (node:events:394:28)
      at Request.<anonymous> (E:\nodejs\node_modules\yarn\lib\cli.js:141634:10)
      at Request.emit (node:events:394:28)
      at IncomingMessage.<anonymous> (E:\nodejs\node_modules\yarn\lib\cli.js:141556:12)
      at Object.onceWrapper (node:events:513:28)
      at IncomingMessage.emit (node:events:406:35)
      at endReadableNT (node:internal/streams/readable:1329:12)
      at processTicksAndRejections (node:internal/process/task_queues:83:21)

npm manifest: 
  {
    "name": "generator-common-sdk",
    "version": "0.0.0",
    "description": "生成通用的编写sdk的项目结构",
    "homepage": "",
    "author": {
      "name": "ywymoshi",
      "email": "2429335889@qq.com",
      "url": ""
    },
    "files": [
      "generators"
    ],
    "main": "generators/index.js",
    "keywords": [
      "",
      "yeoman-generator"
    ],
    "devDependencies": {
      "yeoman-test": "^1.7.0",
      "yeoman-assert": "^3.1.1",
      "coveralls": "^3.0.7",
      "eslint": "^6.6.0",
      "prettier": "^1.19.1",
      "husky": "^3.0.9",
      "lint-staged": "^9.4.3",
      "eslint-config-prettier": "^6.6.0",
      "eslint-plugin-prettier": "^3.1.1",
      "eslint-config-xo": "^0.27.2",
      "jest": "^26.1.0"
    },
    "engines": {
      "npm": ">= 4.0.0"
    },
    "dependencies": {
      "yeoman-generator": "^3.1.1",
      "chalk": "^2.1.0",
      "yosay": "^2.0.2"
    },
    "jest": {
      "testEnvironment": "node"
    },
    "lint-staged": {
      "*.js": [
        "eslint --fix",
        "git add"
      ],
      "*.json": [
        "prettier --write",
        "git add"
      ]
    },
    "husky": {
      "hooks": {
        "pre-commit": "lint-staged"
      }
    },
    "eslintConfig": {
      "extends": [
        "xo",
        "prettier"
      ],
      "env": {
        "jest": true,
        "node": true
      },
      "rules": {
        "prettier/prettier": "error"
      },
      "plugins": [
        "prettier"
      ]
    },
    "scripts": {
      "pretest": "eslint .",
      "test": "jest"
    },
    "license": "MIT"
  }

yarn manifest: 
  No manifest

Lockfile: 
  No lockfile
